<?xml version="1.0" encoding="UTF-8"?>
<!-- Generated by org.testng.reporters.JUnitXMLReporter -->
<testsuite hostname="Natarajan" name="Test" tests="1" failures="1" timestamp="18 Jul 2016 09:07:25 GMT" time="96.544" errors="0">
  <testcase name="Register_New_User_Account" time="86.025" classname="pkge1.Driver">
    <failure type="atu.testng.reports.exceptions.ATUReporterStepFailedException">
      <![CDATA[[ATU Custom Reporter Step Failed Exception]
	at atu.testng.reports.listeners.ATUReportsListener.onTestSuccess(Unknown Source)
... Removed 21 stack frames]]>
    </failure>
  </testcase> <!-- Register_New_User_Account -->
</testsuite> <!-- Test -->
