<?xml version="1.0" encoding="UTF-8"?>
<testng-results skipped="0" failed="0" total="1" passed="1">
  <reporter-output>
    <line>
      <![CDATA[STEP1]]>
    </line>
    <line>
      <![CDATA[STEP2]]>
    </line>
    <line>
      <![CDATA[STEP3]]>
    </line>
    <line>
      <![CDATA[STEP4]]>
    </line>
    <line>
      <![CDATA[STEP5]]>
    </line>
    <line>
      <![CDATA[STEP6]]>
    </line>
    <line>
      <![CDATA[STEP7]]>
    </line>
    <line>
      <![CDATA[STEP8]]>
    </line>
    <line>
      <![CDATA[STEP9]]>
    </line>
    <line>
      <![CDATA[STEP10]]>
    </line>
    <line>
      <![CDATA[STEP11]]>
    </line>
    <line>
      <![CDATA[STEP12]]>
    </line>
    <line>
      <![CDATA[STEP13]]>
    </line>
    <line>
      <![CDATA[STEP14]]>
    </line>
    <line>
      <![CDATA[STEP15]]>
    </line>
  </reporter-output>
  <suite name="Suite" duration-ms="96544" started-at="2016-07-18T09:05:48Z" finished-at="2016-07-18T09:07:25Z">
    <groups>
    </groups>
    <test name="Test" duration-ms="96544" started-at="2016-07-18T09:05:48Z" finished-at="2016-07-18T09:07:25Z">
      <class name="pkge1.Driver">
        <test-method status="PASS" signature="init()[pri:0, instance:pkge1.Driver@2ef5e5e3]" name="init" is-config="true" duration-ms="9484" started-at="2016-07-18T14:35:48Z" finished-at="2016-07-18T14:35:58Z">
          <reporter-output>
          </reporter-output>
        </test-method> <!-- init -->
        <test-method status="FAIL" signature="Register_New_User_Account()[pri:2, instance:pkge1.Driver@2ef5e5e3]" name="Register_New_User_Account" duration-ms="86025" started-at="2016-07-18T14:35:58Z" finished-at="2016-07-18T14:37:24Z">
          <exception class="atu.testng.reports.exceptions.ATUReporterStepFailedException">
            <full-stacktrace>
              <![CDATA[[ATU Custom Reporter Step Failed Exception]
	at atu.testng.reports.listeners.ATUReportsListener.onTestSuccess(Unknown Source)
	at org.testng.internal.Invoker.runTestListeners(Invoker.java:1690)
	at org.testng.internal.Invoker.runTestListeners(Invoker.java:1670)
	at org.testng.internal.Invoker.invokeMethod(Invoker.java:696)
	at org.testng.internal.Invoker.invokeTestMethod(Invoker.java:816)
	at org.testng.internal.Invoker.invokeTestMethods(Invoker.java:1124)
	at org.testng.internal.TestMethodWorker.invokeTestMethods(TestMethodWorker.java:125)
	at org.testng.internal.TestMethodWorker.run(TestMethodWorker.java:108)
	at org.testng.TestRunner.privateRun(TestRunner.java:774)
	at org.testng.TestRunner.run(TestRunner.java:624)
	at org.testng.SuiteRunner.runTest(SuiteRunner.java:359)
	at org.testng.SuiteRunner.runSequentially(SuiteRunner.java:354)
	at org.testng.SuiteRunner.privateRun(SuiteRunner.java:312)
	at org.testng.SuiteRunner.run(SuiteRunner.java:261)
	at org.testng.SuiteRunnerWorker.runSuite(SuiteRunnerWorker.java:52)
	at org.testng.SuiteRunnerWorker.run(SuiteRunnerWorker.java:86)
	at org.testng.TestNG.runSuitesSequentially(TestNG.java:1215)
	at org.testng.TestNG.runSuitesLocally(TestNG.java:1140)
	at org.testng.TestNG.run(TestNG.java:1048)
	at org.testng.remote.AbstractRemoteTestNG.run(AbstractRemoteTestNG.java:126)
	at org.testng.remote.RemoteTestNG.initAndRun(RemoteTestNG.java:137)
	at org.testng.remote.RemoteTestNG.main(RemoteTestNG.java:58)
]]>
            </full-stacktrace>
          </exception> <!-- atu.testng.reports.exceptions.ATUReporterStepFailedException -->
          <reporter-output>
            <line>
              <![CDATA[STEP1]]>
            </line>
            <line>
              <![CDATA[STEP2]]>
            </line>
            <line>
              <![CDATA[STEP3]]>
            </line>
            <line>
              <![CDATA[STEP4]]>
            </line>
            <line>
              <![CDATA[STEP5]]>
            </line>
            <line>
              <![CDATA[STEP6]]>
            </line>
            <line>
              <![CDATA[STEP7]]>
            </line>
            <line>
              <![CDATA[STEP8]]>
            </line>
            <line>
              <![CDATA[STEP9]]>
            </line>
            <line>
              <![CDATA[STEP10]]>
            </line>
            <line>
              <![CDATA[STEP11]]>
            </line>
            <line>
              <![CDATA[STEP12]]>
            </line>
            <line>
              <![CDATA[STEP13]]>
            </line>
            <line>
              <![CDATA[STEP14]]>
            </line>
            <line>
              <![CDATA[STEP15]]>
            </line>
          </reporter-output>
        </test-method> <!-- Register_New_User_Account -->
        <test-method status="PASS" signature="close()[pri:0, instance:pkge1.Driver@2ef5e5e3]" name="close" is-config="true" duration-ms="1015" started-at="2016-07-18T14:37:24Z" finished-at="2016-07-18T14:37:25Z">
          <reporter-output>
          </reporter-output>
        </test-method> <!-- close -->
      </class> <!-- pkge1.Driver -->
    </test> <!-- Test -->
  </suite> <!-- Suite -->
</testng-results>
